<?xml version="1.0" encoding="UTF-8"?>
<!-- Generated by org.testng.reporters.JUnitReportReporter -->
<testsuite skipped="0" hostname="DESKTOP-L9LHJVH" name="HPE.HybrisB2BWeb.SmokeTest" tests="5" failures="0" timestamp="02 Jun 2022 16:18:17 GMT" time="0.086" errors="0">
  <testcase name="test1" time="0.009" classname="HPE.HybrisB2BWeb.SmokeTest"/>
  <testcase name="test3" time="0.010" classname="HPE.HybrisB2BWeb.SmokeTest"/>
  <testcase name="test2" time="0.007" classname="HPE.HybrisB2BWeb.SmokeTest"/>
  <testcase name="tes5" time="0.056" classname="HPE.HybrisB2BWeb.SmokeTest"/>
  <testcase name="test4" time="0.004" classname="HPE.HybrisB2BWeb.SmokeTest"/>
</testsuite> <!-- HPE.HybrisB2BWeb.SmokeTest -->
